  Building Custom Rule G:/code/monkey2/libui/src/libui-master/CMakeLists.txt
  CMake does not need to re-run because G:/code/monkey2/libui/src/libui-master/build/CMakeFiles/generate.stamp is up-to-date.
  areaevents.c
  control.c
  debug.c
  matrix.c
  shouldquit.c
  userbugs.c
  Generating Code...
  alloc.cpp
  area.cpp
  areadraw.cpp
G:\code\monkey2\libui\src\libui-master\windows\areadraw.cpp(34): warning C4244: '=': conversion from 'int' to 'FLOAT', possible loss of data
G:\code\monkey2\libui\src\libui-master\windows\areadraw.cpp(35): warning C4244: '=': conversion from 'int' to 'FLOAT', possible loss of data
G:\code\monkey2\libui\src\libui-master\windows\areadraw.cpp(44): warning C4244: '=': conversion from 'double' to 'float', possible loss of data
G:\code\monkey2\libui\src\libui-master\windows\areadraw.cpp(48): warning C4244: '=': conversion from 'double' to 'float', possible loss of data
G:\code\monkey2\libui\src\libui-master\windows\areadraw.cpp(49): warning C4244: '=': conversion from 'double' to 'float', possible loss of data
  areascroll.cpp
G:\code\monkey2\libui\src\libui-master\windows\areascroll.cpp(137): warning C4505: 'hscrollto': unreferenced local function has been removed
G:\code\monkey2\libui\src\libui-master\windows\areascroll.cpp(182): warning C4505: 'vscrollto': unreferenced local function has been removed
  areautil.cpp
  box.cpp
G:\code\monkey2\libui\src\libui-master\windows\box.cpp(38): warning C4101: 'i': unreferenced local variable
G:\code\monkey2\libui\src\libui-master\windows\box.cpp(41): warning C4101: 'd': unreferenced local variable
G:\code\monkey2\libui\src\libui-master\windows\box.cpp(170): warning C4101: 'sizing': unreferenced local variable
G:\code\monkey2\libui\src\libui-master\windows\box.cpp(167): warning C4101: 'i': unreferenced local variable
  button.cpp
  checkbox.cpp
  colorbutton.cpp
G:\code\monkey2\libui\src\libui-master\windows\colorbutton.cpp(80): warning C4244: '=': conversion from 'LONG' to 'FLOAT', possible loss of data
G:\code\monkey2\libui\src\libui-master\windows\colorbutton.cpp(81): warning C4244: '=': conversion from 'LONG' to 'FLOAT', possible loss of data
G:\code\monkey2\libui\src\libui-master\windows\colorbutton.cpp(82): warning C4244: '=': conversion from 'LONG' to 'FLOAT', possible loss of data
G:\code\monkey2\libui\src\libui-master\windows\colorbutton.cpp(83): warning C4244: '=': conversion from 'LONG' to 'FLOAT', possible loss of data
G:\code\monkey2\libui\src\libui-master\windows\colorbutton.cpp(85): warning C4244: '=': conversion from 'double' to 'float', possible loss of data
G:\code\monkey2\libui\src\libui-master\windows\colorbutton.cpp(86): warning C4244: '=': conversion from 'double' to 'float', possible loss of data
G:\code\monkey2\libui\src\libui-master\windows\colorbutton.cpp(87): warning C4244: '=': conversion from 'double' to 'float', possible loss of data
G:\code\monkey2\libui\src\libui-master\windows\colorbutton.cpp(88): warning C4244: '=': conversion from 'double' to 'float', possible loss of data
  colordialog.cpp
G:\code\monkey2\libui\src\libui-master\windows\colordialog.cpp(90): warning C4101: 'c1': unreferenced local variable
G:\code\monkey2\libui\src\libui-master\windows\colordialog.cpp(90): warning C4101: 'c2': unreferenced local variable
G:\code\monkey2\libui\src\libui-master\windows\colordialog.cpp(414): warning C4244: '=': conversion from 'double' to 'float', possible loss of data
G:\code\monkey2\libui\src\libui-master\windows\colordialog.cpp(415): warning C4244: '=': conversion from 'double' to 'float', possible loss of data
G:\code\monkey2\libui\src\libui-master\windows\colordialog.cpp(416): warning C4244: '=': conversion from 'double' to 'float', possible loss of data
G:\code\monkey2\libui\src\libui-master\windows\colordialog.cpp(430): warning C4244: '=': conversion from 'double' to 'FLOAT', possible loss of data
G:\code\monkey2\libui\src\libui-master\windows\colordialog.cpp(514): warning C4244: '=': conversion from 'double' to 'FLOAT', possible loss of data
G:\code\monkey2\libui\src\libui-master\windows\colordialog.cpp(527): warning C4244: '=': conversion from 'double' to 'FLOAT', possible loss of data
G:\code\monkey2\libui\src\libui-master\windows\colordialog.cpp(528): warning C4244: '=': conversion from 'double' to 'FLOAT', possible loss of data
G:\code\monkey2\libui\src\libui-master\windows\colordialog.cpp(589): warning C4244: '=': conversion from 'double' to 'FLOAT', possible loss of data
G:\code\monkey2\libui\src\libui-master\windows\colordialog.cpp(590): warning C4244: '=': conversion from 'double' to 'FLOAT', possible loss of data
G:\code\monkey2\libui\src\libui-master\windows\colordialog.cpp(591): warning C4244: '=': conversion from 'double' to 'FLOAT', possible loss of data
G:\code\monkey2\libui\src\libui-master\windows\colordialog.cpp(592): warning C4244: '=': conversion from 'double' to 'FLOAT', possible loss of data
G:\code\monkey2\libui\src\libui-master\windows\colordialog.cpp(650): warning C4244: '=': conversion from 'double' to 'FLOAT', possible loss of data
G:\code\monkey2\libui\src\libui-master\windows\colordialog.cpp(651): warning C4244: '=': conversion from 'double' to 'float', possible loss of data
G:\code\monkey2\libui\src\libui-master\windows\colordialog.cpp(652): warning C4244: '=': conversion from 'double' to 'float', possible loss of data
G:\code\monkey2\libui\src\libui-master\windows\colordialog.cpp(653): warning C4244: '=': conversion from 'double' to 'float', possible loss of data
G:\code\monkey2\libui\src\libui-master\windows\colordialog.cpp(684): warning C4244: '=': conversion from 'double' to 'FLOAT', possible loss of data
G:\code\monkey2\libui\src\libui-master\windows\colordialog.cpp(735): warning C4244: '=': conversion from 'double' to 'float', possible loss of data
G:\code\monkey2\libui\src\libui-master\windows\colordialog.cpp(736): warning C4244: '=': conversion from 'double' to 'float', possible loss of data
G:\code\monkey2\libui\src\libui-master\windows\colordialog.cpp(737): warning C4244: '=': conversion from 'double' to 'float', possible loss of data
G:\code\monkey2\libui\src\libui-master\windows\colordialog.cpp(738): warning C4244: '=': conversion from 'double' to 'float', possible loss of data
G:\code\monkey2\libui\src\libui-master\windows\colordialog.cpp(787): warning C4244: '=': conversion from 'double' to 'FLOAT', possible loss of data
G:\code\monkey2\libui\src\libui-master\windows\colordialog.cpp(825): warning C4244: '=': conversion from 'double' to 'FLOAT', possible loss of data
G:\code\monkey2\libui\src\libui-master\windows\colordialog.cpp(868): warning C4312: 'type cast': conversion from 'int' to 'HMENU' of greater size
  combobox.cpp
G:\code\monkey2\libui\src\libui-master\windows\combobox.cpp(79): warning C4244: 'return': conversion from 'LRESULT' to 'int', possible loss of data
  container.cpp
  d2dscratch.cpp
G:\code\monkey2\libui\src\libui-master\windows\d2dscratch.cpp(30): warning C4244: '=': conversion from 'double' to 'float', possible loss of data
G:\code\monkey2\libui\src\libui-master\windows\d2dscratch.cpp(34): warning C4244: '=': conversion from 'double' to 'float', possible loss of data
G:\code\monkey2\libui\src\libui-master\windows\d2dscratch.cpp(35): warning C4244: '=': conversion from 'double' to 'float', possible loss of data
G:\code\monkey2\libui\src\libui-master\windows\d2dscratch.cpp(56): warning C4244: '=': conversion from 'double' to 'FLOAT', possible loss of data
G:\code\monkey2\libui\src\libui-master\windows\d2dscratch.cpp(57): warning C4244: '=': conversion from 'double' to 'FLOAT', possible loss of data
  datetimepicker.cpp
  draw.cpp
G:\code\monkey2\libui\src\libui-master\windows\draw.cpp(44): warning C4244: '=': conversion from 'int' to 'FLOAT', possible loss of data
G:\code\monkey2\libui\src\libui-master\windows\draw.cpp(45): warning C4244: '=': conversion from 'int' to 'FLOAT', possible loss of data
G:\code\monkey2\libui\src\libui-master\windows\draw.cpp(80): warning C4244: '=': conversion from 'int' to 'FLOAT', possible loss of data
G:\code\monkey2\libui\src\libui-master\windows\draw.cpp(81): warning C4244: '=': conversion from 'int' to 'FLOAT', possible loss of data
G:\code\monkey2\libui\src\libui-master\windows\draw.cpp(134): warning C4244: '=': conversion from 'double' to 'float', possible loss of data
G:\code\monkey2\libui\src\libui-master\windows\draw.cpp(135): warning C4244: '=': conversion from 'double' to 'float', possible loss of data
G:\code\monkey2\libui\src\libui-master\windows\draw.cpp(136): warning C4244: '=': conversion from 'double' to 'float', possible loss of data
G:\code\monkey2\libui\src\libui-master\windows\draw.cpp(137): warning C4244: '=': conversion from 'double' to 'float', possible loss of data
G:\code\monkey2\libui\src\libui-master\windows\draw.cpp(157): warning C4244: '=': conversion from 'double' to 'FLOAT', possible loss of data
G:\code\monkey2\libui\src\libui-master\windows\draw.cpp(158): warning C4244: '=': conversion from 'double' to 'float', possible loss of data
G:\code\monkey2\libui\src\libui-master\windows\draw.cpp(159): warning C4244: '=': conversion from 'double' to 'float', possible loss of data
G:\code\monkey2\libui\src\libui-master\windows\draw.cpp(160): warning C4244: '=': conversion from 'double' to 'float', possible loss of data
G:\code\monkey2\libui\src\libui-master\windows\draw.cpp(161): warning C4244: '=': conversion from 'double' to 'float', possible loss of data
G:\code\monkey2\libui\src\libui-master\windows\draw.cpp(169): warning C4267: 'argument': conversion from 'size_t' to 'UINT32', possible loss of data
G:\code\monkey2\libui\src\libui-master\windows\draw.cpp(185): warning C4244: '=': conversion from 'double' to 'FLOAT', possible loss of data
G:\code\monkey2\libui\src\libui-master\windows\draw.cpp(186): warning C4244: '=': conversion from 'double' to 'FLOAT', possible loss of data
G:\code\monkey2\libui\src\libui-master\windows\draw.cpp(187): warning C4244: '=': conversion from 'double' to 'FLOAT', possible loss of data
G:\code\monkey2\libui\src\libui-master\windows\draw.cpp(188): warning C4244: '=': conversion from 'double' to 'FLOAT', possible loss of data
G:\code\monkey2\libui\src\libui-master\windows\draw.cpp(213): warning C4244: '=': conversion from 'double' to 'FLOAT', possible loss of data
G:\code\monkey2\libui\src\libui-master\windows\draw.cpp(214): warning C4244: '=': conversion from 'double' to 'FLOAT', possible loss of data
G:\code\monkey2\libui\src\libui-master\windows\draw.cpp(215): warning C4244: '=': conversion from 'double' to 'FLOAT', possible loss of data
G:\code\monkey2\libui\src\libui-master\windows\draw.cpp(216): warning C4244: '=': conversion from 'double' to 'FLOAT', possible loss of data
G:\code\monkey2\libui\src\libui-master\windows\draw.cpp(217): warning C4244: '=': conversion from 'double' to 'FLOAT', possible loss of data
G:\code\monkey2\libui\src\libui-master\windows\draw.cpp(218): warning C4244: '=': conversion from 'double' to 'FLOAT', possible loss of data
G:\code\monkey2\libui\src\libui-master\windows\draw.cpp(353): warning C4244: '=': conversion from 'double' to 'FLOAT', possible loss of data
G:\code\monkey2\libui\src\libui-master\windows\draw.cpp(370): warning C4244: '=': conversion from 'double' to 'FLOAT', possible loss of data
G:\code\monkey2\libui\src\libui-master\windows\draw.cpp(372): warning C4244: '=': conversion from 'double' to 'FLOAT', possible loss of data
G:\code\monkey2\libui\src\libui-master\windows\draw.cpp(377): warning C4267: 'argument': conversion from 'size_t' to 'UINT32', possible loss of data
G:\code\monkey2\libui\src\libui-master\windows\draw.cpp(387): warning C4244: 'argument': conversion from 'double' to 'FLOAT', possible loss of data
  drawmatrix.cpp
G:\code\monkey2\libui\src\libui-master\windows\drawmatrix.cpp(7): warning C4244: '=': conversion from 'double' to 'FLOAT', possible loss of data
G:\code\monkey2\libui\src\libui-master\windows\drawmatrix.cpp(8): warning C4244: '=': conversion from 'double' to 'FLOAT', possible loss of data
G:\code\monkey2\libui\src\libui-master\windows\drawmatrix.cpp(9): warning C4244: '=': conversion from 'double' to 'FLOAT', possible loss of data
G:\code\monkey2\libui\src\libui-master\windows\drawmatrix.cpp(10): warning C4244: '=': conversion from 'double' to 'FLOAT', possible loss of data
G:\code\monkey2\libui\src\libui-master\windows\drawmatrix.cpp(11): warning C4244: '=': conversion from 'double' to 'FLOAT', possible loss of data
G:\code\monkey2\libui\src\libui-master\windows\drawmatrix.cpp(12): warning C4244: '=': conversion from 'double' to 'FLOAT', possible loss of data
G:\code\monkey2\libui\src\libui-master\windows\drawmatrix.cpp(30): warning C4244: 'argument': conversion from 'double' to 'FLOAT', possible loss of data
G:\code\monkey2\libui\src\libui-master\windows\drawmatrix.cpp(40): warning C4244: '=': conversion from 'double' to 'FLOAT', possible loss of data
G:\code\monkey2\libui\src\libui-master\windows\drawmatrix.cpp(41): warning C4244: '=': conversion from 'double' to 'FLOAT', possible loss of data
G:\code\monkey2\libui\src\libui-master\windows\drawmatrix.cpp(42): warning C4244: 'argument': conversion from 'double' to 'FLOAT', possible loss of data
G:\code\monkey2\libui\src\libui-master\windows\drawmatrix.cpp(54): warning C4244: '=': conversion from 'double' to 'FLOAT', possible loss of data
G:\code\monkey2\libui\src\libui-master\windows\drawmatrix.cpp(55): warning C4244: '=': conversion from 'double' to 'FLOAT', possible loss of data
G:\code\monkey2\libui\src\libui-master\windows\drawmatrix.cpp(56): warning C4244: 'argument': conversion from 'double' to 'FLOAT', possible loss of data
G:\code\monkey2\libui\src\libui-master\windows\drawmatrix.cpp(66): warning C4244: '=': conversion from 'double' to 'FLOAT', possible loss of data
G:\code\monkey2\libui\src\libui-master\windows\drawmatrix.cpp(67): warning C4244: '=': conversion from 'double' to 'FLOAT', possible loss of data
G:\code\monkey2\libui\src\libui-master\windows\drawmatrix.cpp(68): warning C4244: 'argument': conversion from 'double' to 'FLOAT', possible loss of data
G:\code\monkey2\libui\src\libui-master\windows\drawmatrix.cpp(107): warning C4244: '=': conversion from 'double' to 'FLOAT', possible loss of data
G:\code\monkey2\libui\src\libui-master\windows\drawmatrix.cpp(108): warning C4244: '=': conversion from 'double' to 'FLOAT', possible loss of data
  drawpath.cpp
G:\code\monkey2\libui\src\libui-master\windows\drawpath.cpp(55): warning C4244: '=': conversion from 'double' to 'FLOAT', possible loss of data
G:\code\monkey2\libui\src\libui-master\windows\drawpath.cpp(56): warning C4244: '=': conversion from 'double' to 'FLOAT', possible loss of data
G:\code\monkey2\libui\src\libui-master\windows\drawpath.cpp(136): warning C4244: '=': conversion from 'double' to 'FLOAT', possible loss of data
G:\code\monkey2\libui\src\libui-master\windows\drawpath.cpp(137): warning C4244: '=': conversion from 'double' to 'FLOAT', possible loss of data
G:\code\monkey2\libui\src\libui-master\windows\drawpath.cpp(138): warning C4244: '=': conversion from 'double' to 'FLOAT', possible loss of data
G:\code\monkey2\libui\src\libui-master\windows\drawpath.cpp(139): warning C4244: '=': conversion from 'double' to 'FLOAT', possible loss of data
G:\code\monkey2\libui\src\libui-master\windows\drawpath.cpp(177): warning C4244: '=': conversion from 'double' to 'FLOAT', possible loss of data
G:\code\monkey2\libui\src\libui-master\windows\drawpath.cpp(178): warning C4244: '=': conversion from 'double' to 'FLOAT', possible loss of data
G:\code\monkey2\libui\src\libui-master\windows\drawpath.cpp(199): warning C4244: '=': conversion from 'double' to 'FLOAT', possible loss of data
G:\code\monkey2\libui\src\libui-master\windows\drawpath.cpp(200): warning C4244: '=': conversion from 'double' to 'FLOAT', possible loss of data
G:\code\monkey2\libui\src\libui-master\windows\drawpath.cpp(201): warning C4244: '=': conversion from 'double' to 'FLOAT', possible loss of data
G:\code\monkey2\libui\src\libui-master\windows\drawpath.cpp(202): warning C4244: '=': conversion from 'double' to 'FLOAT', possible loss of data
G:\code\monkey2\libui\src\libui-master\windows\drawpath.cpp(203): warning C4244: '=': conversion from 'double' to 'FLOAT', possible loss of data
G:\code\monkey2\libui\src\libui-master\windows\drawpath.cpp(204): warning C4244: '=': conversion from 'double' to 'FLOAT', possible loss of data
  drawtext.cpp
G:\code\monkey2\libui\src\libui-master\windows\drawtext.cpp(72): warning C4996: 'wcscpy': This function or variable may be unsafe. Consider using wcscpy_s instead. To disable deprecation, use _CRT_SECURE_NO_WARNINGS. See online help for details.
  C:\Program Files (x86)\Windows Kits\10\Include\10.0.16299.0\ucrt\corecrt_wstring.h(123): note: see declaration of 'wcscpy'
G:\code\monkey2\libui\src\libui-master\windows\drawtext.cpp(64): warning C4101: 'hr': unreferenced local variable
G:\code\monkey2\libui\src\libui-master\windows\drawtext.cpp(362): warning C4244: 'argument': conversion from 'double' to 'FLOAT', possible loss of data
G:\code\monkey2\libui\src\libui-master\windows\drawtext.cpp(402): warning C4244: '=': conversion from 'double' to 'float', possible loss of data
G:\code\monkey2\libui\src\libui-master\windows\drawtext.cpp(403): warning C4244: '=': conversion from 'double' to 'float', possible loss of data
G:\code\monkey2\libui\src\libui-master\windows\drawtext.cpp(404): warning C4244: '=': conversion from 'double' to 'float', possible loss of data
G:\code\monkey2\libui\src\libui-master\windows\drawtext.cpp(405): warning C4244: '=': conversion from 'double' to 'float', possible loss of data
G:\code\monkey2\libui\src\libui-master\windows\drawtext.cpp(428): warning C4267: 'argument': conversion from 'size_t' to 'UINT32', possible loss of data
G:\code\monkey2\libui\src\libui-master\windows\drawtext.cpp(433): warning C4267: '=': conversion from 'size_t' to 'UINT32', possible loss of data
G:\code\monkey2\libui\src\libui-master\windows\drawtext.cpp(434): warning C4267: '=': conversion from 'size_t' to 'UINT32', possible loss of data
G:\code\monkey2\libui\src\libui-master\windows\drawtext.cpp(458): warning C4244: '=': conversion from 'double' to 'FLOAT', possible loss of data
G:\code\monkey2\libui\src\libui-master\windows\drawtext.cpp(508): warning C4244: '=': conversion from 'double' to 'FLOAT', possible loss of data
G:\code\monkey2\libui\src\libui-master\windows\drawtext.cpp(509): warning C4244: '=': conversion from 'double' to 'FLOAT', possible loss of data
G:\code\monkey2\libui\src\libui-master\windows\drawtext.cpp(502): warning C4101: 'hr': unreferenced local variable
  dwrite.cpp
  editablecombo.cpp
  Generating Code...
g:\code\monkey2\libui\src\libui-master\windows\dwrite.cpp(72): warning C4701: potentially uninitialized local variable 'index' used
  Compiling...
  entry.cpp
  events.cpp
G:\code\monkey2\libui\src\libui-master\windows\events.cpp(147): warning C4101: 'ch': unreferenced local variable
  fontbutton.cpp
  fontdialog.cpp
G:\code\monkey2\libui\src\libui-master\windows\fontdialog.cpp(378): warning C4244: 'argument': conversion from 'double' to 'FLOAT', possible loss of data
G:\code\monkey2\libui\src\libui-master\windows\fontdialog.cpp(397): warning C4267: 'argument': conversion from 'size_t' to 'UINT32', possible loss of data
G:\code\monkey2\libui\src\libui-master\windows\fontdialog.cpp(436): warning C4996: '_snwprintf': This function or variable may be unsafe. Consider using _snwprintf_s instead. To disable deprecation, use _CRT_SECURE_NO_WARNINGS. See online help for details.
  C:\Program Files (x86)\Windows Kits\10\Include\10.0.16299.0\ucrt\corecrt_wstdio.h(1667): note: see declaration of '_snwprintf'
G:\code\monkey2\libui\src\libui-master\windows\fontdialog.cpp(681): warning C4996: '_snwprintf': This function or variable may be unsafe. Consider using _snwprintf_s instead. To disable deprecation, use _CRT_SECURE_NO_WARNINGS. See online help for details.
  C:\Program Files (x86)\Windows Kits\10\Include\10.0.16299.0\ucrt\corecrt_wstdio.h(1667): note: see declaration of '_snwprintf'
  form.cpp
G:\code\monkey2\libui\src\libui-master\windows\form.cpp(42): warning C4101: 'i': unreferenced local variable
G:\code\monkey2\libui\src\libui-master\windows\form.cpp(176): warning C4101: 'sizing': unreferenced local variable
G:\code\monkey2\libui\src\libui-master\windows\form.cpp(173): warning C4101: 'i': unreferenced local variable
G:\code\monkey2\libui\src\libui-master\windows\form.cpp(247): warning C4101: 'i': unreferenced local variable
  graphemes.cpp
G:\code\monkey2\libui\src\libui-master\windows\graphemes.cpp(27): warning C4267: 'argument': conversion from 'size_t' to 'int', possible loss of data
  grid.cpp
G:\code\monkey2\libui\src\libui-master\windows\grid.cpp(107): warning C4267: '=': conversion from 'size_t' to 'int', possible loss of data
  group.cpp
  init.cpp
  label.cpp
  main.cpp
  menu.cpp
G:\code\monkey2\libui\src\libui-master\windows\menu.cpp(336): warning C4267: 'argument': conversion from 'size_t' to 'UINT', possible loss of data
  multilineentry.cpp
  parent.cpp
  progressbar.cpp
G:\code\monkey2\libui\src\libui-master\windows\progressbar.cpp(35): warning C4244: 'return': conversion from 'LRESULT' to 'int', possible loss of data
  radiobuttons.cpp
G:\code\monkey2\libui\src\libui-master\windows\radiobuttons.cpp(88): warning C4267: '=': conversion from 'size_t' to 'int', possible loss of data
G:\code\monkey2\libui\src\libui-master\windows\radiobuttons.cpp(157): warning C4267: 'return': conversion from 'size_t' to 'int', possible loss of data
  separator.cpp
  sizing.cpp
  slider.cpp
G:\code\monkey2\libui\src\libui-master\windows\slider.cpp(56): warning C4244: 'return': conversion from 'LRESULT' to 'int', possible loss of data
  spinbox.cpp
G:\code\monkey2\libui\src\libui-master\windows\spinbox.cpp(30): warning C4244: 'return': conversion from 'LRESULT' to 'int', possible loss of data
  Generating Code...
g:\code\monkey2\libui\src\libui-master\windows\spinbox.cpp(135): warning C4701: potentially uninitialized local variable 'current' used
g:\code\monkey2\libui\src\libui-master\windows\spinbox.cpp(134): warning C4701: potentially uninitialized local variable 'max' used
g:\code\monkey2\libui\src\libui-master\windows\spinbox.cpp(134): warning C4701: potentially uninitialized local variable 'min' used
g:\code\monkey2\libui\src\libui-master\windows\menu.cpp(300): warning C4701: potentially uninitialized local variable 'item' used
g:\code\monkey2\libui\src\libui-master\windows\menu.cpp(300): warning C4703: potentially uninitialized local pointer variable 'item' used
  Compiling...
  stddialogs.cpp
  tab.cpp
G:\code\monkey2\libui\src\libui-master\windows\tab.cpp(49): warning C4244: 'argument': conversion from 'LRESULT' to 'int', possible loss of data
G:\code\monkey2\libui\src\libui-master\windows\tab.cpp(60): warning C4244: 'argument': conversion from 'LRESULT' to 'int', possible loss of data
G:\code\monkey2\libui\src\libui-master\windows\tab.cpp(141): warning C4244: 'argument': conversion from 'LRESULT' to 'int', possible loss of data
G:\code\monkey2\libui\src\libui-master\windows\tab.cpp(188): warning C4267: 'argument': conversion from 'size_t' to 'int', possible loss of data
G:\code\monkey2\libui\src\libui-master\windows\tab.cpp(244): warning C4267: 'return': conversion from 'size_t' to 'int', possible loss of data
  tabpage.cpp
  text.cpp
G:\code\monkey2\libui\src\libui-master\windows\text.cpp(15): warning C4244: 'argument': conversion from 'LRESULT' to 'int', possible loss of data
G:\code\monkey2\libui\src\libui-master\windows\text.cpp(69): warning C4244: 'argument': conversion from 'LRESULT' to 'int', possible loss of data
  utf16.cpp
  utilwin.cpp
  window.cpp
  winpublic.cpp
  winutil.cpp
  Generating Code...
  areaevents.cpp
G:\code\monkey2\libui\src\libui-master\windows\areaevents.cpp(122): warning C4244: 'argument': conversion from 'double' to 'int', possible loss of data
  control.cpp
G:\code\monkey2\libui\src\libui-master\windows\control.cpp(40): warning C4459: declaration of 'hInstance' hides global declaration
  g:\code\monkey2\libui\src\libui-master\windows\uipriv_windows.hpp(85): note: see declaration of 'hInstance'
  debug.cpp
     Creating library G:/code/monkey2/libui/src/libui-master/build/out/Debug/libui.lib and object G:/code/monkey2/libui/src/libui-master/build/out/Debug/libui.exp
  libui.vcxproj -> G:\code\monkey2\libui\src\libui-master\build\out\Debug\libui.dll
